Determining if the pthread_create exist failed with the following output:
Change Dir: /home/peng/ros_ws/src/ROSCppGUI/build-Qt_ROS1-Desktop-Default/CMakeFiles/CMakeTmp

Run Build Command:/usr/bin/make "cmTryCompileExec1384456017/fast"
/usr/bin/make -f CMakeFiles/cmTryCompileExec1384456017.dir/build.make CMakeFiles/cmTryCompileExec1384456017.dir/build
make[1]: Entering directory `/home/peng/ros_ws/src/ROSCppGUI/build-Qt_ROS1-Desktop-Default/CMakeFiles/CMakeTmp'
/usr/bin/cmake -E cmake_progress_report /home/peng/ros_ws/src/ROSCppGUI/build-Qt_ROS1-Desktop-Default/CMakeFiles/CMakeTmp/CMakeFiles 1
Building C object CMakeFiles/cmTryCompileExec1384456017.dir/CheckSymbolExists.c.o
/usr/bin/cc    -o CMakeFiles/cmTryCompileExec1384456017.dir/CheckSymbolExists.c.o   -c /home/peng/ros_ws/src/ROSCppGUI/build-Qt_ROS1-Desktop-Default/CMakeFiles/CMakeTmp/CheckSymbolExists.c
Linking C executable cmTryCompileExec1384456017
/usr/bin/cmake -E cmake_link_script CMakeFiles/cmTryCompileExec1384456017.dir/link.txt --verbose=1
/usr/bin/cc       CMakeFiles/cmTryCompileExec1384456017.dir/CheckSymbolExists.c.o  -o cmTryCompileExec1384456017 -rdynamic 
CMakeFiles/cmTryCompileExec1384456017.dir/CheckSymbolExists.c.o: In function `main':
CheckSymbolExists.c:(.text+0x16): undefined reference to `pthread_create'
collect2: error: ld returned 1 exit status
make[1]: *** [cmTryCompileExec1384456017] Error 1
make[1]: Leaving directory `/home/peng/ros_ws/src/ROSCppGUI/build-Qt_ROS1-Desktop-Default/CMakeFiles/CMakeTmp'
make: *** [cmTryCompileExec1384456017/fast] Error 2

File /home/peng/ros_ws/src/ROSCppGUI/build-Qt_ROS1-Desktop-Default/CMakeFiles/CMakeTmp/CheckSymbolExists.c:
/* */
#include <pthread.h>

int main(int argc, char** argv)
{
  (void)argv;
#ifndef pthread_create
  return ((int*)(&pthread_create))[argc];
#else
  (void)argc;
  return 0;
#endif
}

Determining if the function pthread_create exists in the pthreads failed with the following output:
Change Dir: /home/peng/ros_ws/src/ROSCppGUI/build-Qt_ROS1-Desktop-Default/CMakeFiles/CMakeTmp

Run Build Command:/usr/bin/make "cmTryCompileExec2145588614/fast"
/usr/bin/make -f CMakeFiles/cmTryCompileExec2145588614.dir/build.make CMakeFiles/cmTryCompileExec2145588614.dir/build
make[1]: Entering directory `/home/peng/ros_ws/src/ROSCppGUI/build-Qt_ROS1-Desktop-Default/CMakeFiles/CMakeTmp'
/usr/bin/cmake -E cmake_progress_report /home/peng/ros_ws/src/ROSCppGUI/build-Qt_ROS1-Desktop-Default/CMakeFiles/CMakeTmp/CMakeFiles 1
Building C object CMakeFiles/cmTryCompileExec2145588614.dir/CheckFunctionExists.c.o
/usr/bin/cc   -DCHECK_FUNCTION_EXISTS=pthread_create   -o CMakeFiles/cmTryCompileExec2145588614.dir/CheckFunctionExists.c.o   -c /usr/share/cmake-2.8/Modules/CheckFunctionExists.c
Linking C executable cmTryCompileExec2145588614
/usr/bin/cmake -E cmake_link_script CMakeFiles/cmTryCompileExec2145588614.dir/link.txt --verbose=1
/usr/bin/cc   -DCHECK_FUNCTION_EXISTS=pthread_create    CMakeFiles/cmTryCompileExec2145588614.dir/CheckFunctionExists.c.o  -o cmTryCompileExec2145588614 -rdynamic -lpthreads 
/usr/bin/ld: cannot find -lpthreads
collect2: error: ld returned 1 exit status
make[1]: *** [cmTryCompileExec2145588614] Error 1
make[1]: Leaving directory `/home/peng/ros_ws/src/ROSCppGUI/build-Qt_ROS1-Desktop-Default/CMakeFiles/CMakeTmp'
make: *** [cmTryCompileExec2145588614/fast] Error 2


Determining if the Q_WS_WIN exist failed with the following output:
Change Dir: /home/peng/ros_ws/src/ROSCppGUI/build-Qt_ROS1-Desktop-Default/CMakeFiles/CMakeTmp

Run Build Command:/usr/bin/make "cmTryCompileExec3375258227/fast"
/usr/bin/make -f CMakeFiles/cmTryCompileExec3375258227.dir/build.make CMakeFiles/cmTryCompileExec3375258227.dir/build
make[1]: Entering directory `/home/peng/ros_ws/src/ROSCppGUI/build-Qt_ROS1-Desktop-Default/CMakeFiles/CMakeTmp'
/usr/bin/cmake -E cmake_progress_report /home/peng/ros_ws/src/ROSCppGUI/build-Qt_ROS1-Desktop-Default/CMakeFiles/CMakeTmp/CMakeFiles 1
Building CXX object CMakeFiles/cmTryCompileExec3375258227.dir/CheckSymbolExists.cxx.o
/usr/bin/c++    -I/usr/include/qt4    -o CMakeFiles/cmTryCompileExec3375258227.dir/CheckSymbolExists.cxx.o -c /home/peng/ros_ws/src/ROSCppGUI/build-Qt_ROS1-Desktop-Default/CMakeFiles/CMakeTmp/CheckSymbolExists.cxx
/home/peng/ros_ws/src/ROSCppGUI/build-Qt_ROS1-Desktop-Default/CMakeFiles/CMakeTmp/CheckSymbolExists.cxx: In function ‘int main(int, char**)’:
/home/peng/ros_ws/src/ROSCppGUI/build-Qt_ROS1-Desktop-Default/CMakeFiles/CMakeTmp/CheckSymbolExists.cxx:8:19: error: ‘Q_WS_WIN’ was not declared in this scope
   return ((int*)(&Q_WS_WIN))[argc];
                   ^
make[1]: *** [CMakeFiles/cmTryCompileExec3375258227.dir/CheckSymbolExists.cxx.o] Error 1
make[1]: Leaving directory `/home/peng/ros_ws/src/ROSCppGUI/build-Qt_ROS1-Desktop-Default/CMakeFiles/CMakeTmp'
make: *** [cmTryCompileExec3375258227/fast] Error 2

File /home/peng/ros_ws/src/ROSCppGUI/build-Qt_ROS1-Desktop-Default/CMakeFiles/CMakeTmp/CheckSymbolExists.cxx:
/* */
#include <QtCore/qglobal.h>

int main(int argc, char** argv)
{
  (void)argv;
#ifndef Q_WS_WIN
  return ((int*)(&Q_WS_WIN))[argc];
#else
  (void)argc;
  return 0;
#endif
}

Determining if the Q_WS_QWS exist failed with the following output:
Change Dir: /home/peng/ros_ws/src/ROSCppGUI/build-Qt_ROS1-Desktop-Default/CMakeFiles/CMakeTmp

Run Build Command:/usr/bin/make "cmTryCompileExec1763938299/fast"
/usr/bin/make -f CMakeFiles/cmTryCompileExec1763938299.dir/build.make CMakeFiles/cmTryCompileExec1763938299.dir/build
make[1]: Entering directory `/home/peng/ros_ws/src/ROSCppGUI/build-Qt_ROS1-Desktop-Default/CMakeFiles/CMakeTmp'
/usr/bin/cmake -E cmake_progress_report /home/peng/ros_ws/src/ROSCppGUI/build-Qt_ROS1-Desktop-Default/CMakeFiles/CMakeTmp/CMakeFiles 1
Building CXX object CMakeFiles/cmTryCompileExec1763938299.dir/CheckSymbolExists.cxx.o
/usr/bin/c++    -I/usr/include/qt4    -o CMakeFiles/cmTryCompileExec1763938299.dir/CheckSymbolExists.cxx.o -c /home/peng/ros_ws/src/ROSCppGUI/build-Qt_ROS1-Desktop-Default/CMakeFiles/CMakeTmp/CheckSymbolExists.cxx
/home/peng/ros_ws/src/ROSCppGUI/build-Qt_ROS1-Desktop-Default/CMakeFiles/CMakeTmp/CheckSymbolExists.cxx: In function ‘int main(int, char**)’:
/home/peng/ros_ws/src/ROSCppGUI/build-Qt_ROS1-Desktop-Default/CMakeFiles/CMakeTmp/CheckSymbolExists.cxx:8:19: error: ‘Q_WS_QWS’ was not declared in this scope
   return ((int*)(&Q_WS_QWS))[argc];
                   ^
make[1]: *** [CMakeFiles/cmTryCompileExec1763938299.dir/CheckSymbolExists.cxx.o] Error 1
make[1]: Leaving directory `/home/peng/ros_ws/src/ROSCppGUI/build-Qt_ROS1-Desktop-Default/CMakeFiles/CMakeTmp'
make: *** [cmTryCompileExec1763938299/fast] Error 2

File /home/peng/ros_ws/src/ROSCppGUI/build-Qt_ROS1-Desktop-Default/CMakeFiles/CMakeTmp/CheckSymbolExists.cxx:
/* */
#include <QtCore/qglobal.h>

int main(int argc, char** argv)
{
  (void)argv;
#ifndef Q_WS_QWS
  return ((int*)(&Q_WS_QWS))[argc];
#else
  (void)argc;
  return 0;
#endif
}

Determining if the Q_WS_MAC exist failed with the following output:
Change Dir: /home/peng/ros_ws/src/ROSCppGUI/build-Qt_ROS1-Desktop-Default/CMakeFiles/CMakeTmp

Run Build Command:/usr/bin/make "cmTryCompileExec2649468322/fast"
/usr/bin/make -f CMakeFiles/cmTryCompileExec2649468322.dir/build.make CMakeFiles/cmTryCompileExec2649468322.dir/build
make[1]: Entering directory `/home/peng/ros_ws/src/ROSCppGUI/build-Qt_ROS1-Desktop-Default/CMakeFiles/CMakeTmp'
/usr/bin/cmake -E cmake_progress_report /home/peng/ros_ws/src/ROSCppGUI/build-Qt_ROS1-Desktop-Default/CMakeFiles/CMakeTmp/CMakeFiles 1
Building CXX object CMakeFiles/cmTryCompileExec2649468322.dir/CheckSymbolExists.cxx.o
/usr/bin/c++    -I/usr/include/qt4    -o CMakeFiles/cmTryCompileExec2649468322.dir/CheckSymbolExists.cxx.o -c /home/peng/ros_ws/src/ROSCppGUI/build-Qt_ROS1-Desktop-Default/CMakeFiles/CMakeTmp/CheckSymbolExists.cxx
/home/peng/ros_ws/src/ROSCppGUI/build-Qt_ROS1-Desktop-Default/CMakeFiles/CMakeTmp/CheckSymbolExists.cxx: In function ‘int main(int, char**)’:
/home/peng/ros_ws/src/ROSCppGUI/build-Qt_ROS1-Desktop-Default/CMakeFiles/CMakeTmp/CheckSymbolExists.cxx:8:19: error: ‘Q_WS_MAC’ was not declared in this scope
   return ((int*)(&Q_WS_MAC))[argc];
                   ^
make[1]: *** [CMakeFiles/cmTryCompileExec2649468322.dir/CheckSymbolExists.cxx.o] Error 1
make[1]: Leaving directory `/home/peng/ros_ws/src/ROSCppGUI/build-Qt_ROS1-Desktop-Default/CMakeFiles/CMakeTmp'
make: *** [cmTryCompileExec2649468322/fast] Error 2

File /home/peng/ros_ws/src/ROSCppGUI/build-Qt_ROS1-Desktop-Default/CMakeFiles/CMakeTmp/CheckSymbolExists.cxx:
/* */
#include <QtCore/qglobal.h>

int main(int argc, char** argv)
{
  (void)argv;
#ifndef Q_WS_MAC
  return ((int*)(&Q_WS_MAC))[argc];
#else
  (void)argc;
  return 0;
#endif
}

